execve("./hello", ["./hello"], 0x7ffd7fa37110 /* 51 vars */) = 0
brk(NULL)                               = 0x615e97dd2000
mmap(NULL, 8192, PROT_READ|PROT_WRITE, MAP_PRIVATE|MAP_ANONYMOUS, -1, 0) = 0x7d62edbd8000
access("/etc/ld.so.preload", R_OK)      = -1 ENOENT (No such file or directory)
openat(AT_FDCWD, "/etc/ld.so.cache", O_RDONLY|O_CLOEXEC) = 3
fstat(3, {st_mode=S_IFREG|0644, st_size=70575, ...}) = 0
mmap(NULL, 70575, PROT_READ, MAP_PRIVATE, 3, 0) = 0x7d62edbc6000
close(3)                                = 0
openat(AT_FDCWD, "/lib/x86_64-linux-gnu/libc.so.6", O_RDONLY|O_CLOEXEC) = 3
read(3, "\177ELF\2\1\1\3\0\0\0\0\0\0\0\0\3\0>\0\1\0\0\0\220\243\2\0\0\0\0\0"..., 832) = 832
pread64(3, "\6\0\0\0\4\0\0\0@\0\0\0\0\0\0\0@\0\0\0\0\0\0\0@\0\0\0\0\0\0\0"..., 784, 64) = 784
fstat(3, {st_mode=S_IFREG|0755, st_size=2125328, ...}) = 0
pread64(3, "\6\0\0\0\4\0\0\0@\0\0\0\0\0\0\0@\0\0\0\0\0\0\0@\0\0\0\0\0\0\0"..., 784, 64) = 784
mmap(NULL, 2170256, PROT_READ, MAP_PRIVATE|MAP_DENYWRITE, 3, 0) = 0x7d62ed800000
mmap(0x7d62ed828000, 1605632, PROT_READ|PROT_EXEC, MAP_PRIVATE|MAP_FIXED|MAP_DENYWRITE, 3, 0x28000) = 0x7d62ed828000
mmap(0x7d62ed9b0000, 323584, PROT_READ, MAP_PRIVATE|MAP_FIXED|MAP_DENYWRITE, 3, 0x1b0000) = 0x7d62ed9b0000
mmap(0x7d62ed9ff000, 24576, PROT_READ|PROT_WRITE, MAP_PRIVATE|MAP_FIXED|MAP_DENYWRITE, 3, 0x1fe000) = 0x7d62ed9ff000
mmap(0x7d62eda05000, 52624, PROT_READ|PROT_WRITE, MAP_PRIVATE|MAP_FIXED|MAP_ANONYMOUS, -1, 0) = 0x7d62eda05000
close(3)                                = 0
mmap(NULL, 12288, PROT_READ|PROT_WRITE, MAP_PRIVATE|MAP_ANONYMOUS, -1, 0) = 0x7d62edbc3000
arch_prctl(ARCH_SET_FS, 0x7d62edbc3740) = 0
set_tid_address(0x7d62edbc3a10)         = 239123
set_robust_list(0x7d62edbc3a20, 24)     = 0
rseq(0x7d62edbc4060, 0x20, 0, 0x53053053) = 0
mprotect(0x7d62ed9ff000, 16384, PROT_READ) = 0
mprotect(0x615e92586000, 4096, PROT_READ) = 0
mprotect(0x7d62edc18000, 8192, PROT_READ) = 0
prlimit64(0, RLIMIT_STACK, NULL, {rlim_cur=8192*1024, rlim_max=RLIM64_INFINITY}) = 0
munmap(0x7d62edbc6000, 70575)           = 0
fstat(1, {st_mode=S_IFCHR|0620, st_rdev=makedev(0x88, 0x3), ...}) = 0
getrandom("\x0f\x95\xc5\x33\x64\x51\x4d\x96", 8, GRND_NONBLOCK) = 8
brk(NULL)                               = 0x615e97dd2000
brk(0x615e97df3000)                     = 0x615e97df3000
write(1, "Hello World! \n", 14)         = 14
exit_group(0)                           = ?
+++ exited with 0 +++
